<?xml version="1.0" encoding="UTF-8"?>
<testsuite xmlns:xsi="http://www.w3.org/2001/XMLSchema-instance" xsi:noNamespaceSchemaLocation="https://maven.apache.org/surefire/maven-surefire-plugin/xsd/surefire-test-report-3.0.xsd" version="3.0" name="io.justina.management.JustinaApplicationTests" time="13.349" tests="1" errors="0" skipped="0" failures="0">
  <properties>
[...]
</properties>
  <testcase name="contextLoads" classname="io.justina.management.JustinaApplicationTests" time="0.141">
    <system-out><![CDATA[13:07:31.640 [main] INFO org.springframework.test.context.support.AnnotationConfigContextLoaderUtils -- Could not detect default configuration classes for test class [io.justina.management.JustinaApplicationTests]: JustinaApplicationTests does not declare any static, non-private, non-final, nested classes annotated with @Configuration.
13:07:31.729 [main] INFO org.springframework.boot.test.context.SpringBootTestContextBootstrapper -- Found @SpringBootConfiguration io.justina.management.JustinaApplication for test class io.justina.management.JustinaApplicationTests
13:07:31.868 [main] INFO org.springframework.boot.devtools.restart.RestartApplicationListener -- Restart disabled due to context in which it is running

  .   ____          _            __ _ _
 /\\ / ___'_ __ _ _(_)_ __  __ _ \ \ \ \
( ( )\___ | '_ | '_| | '_ \/ _` | \ \ \ \
 \\/  ___)| |_)| | | | | || (_| |  ) ) ) )
  '  |____| .__|_| |_|_| |_\__, | / / / /
 =========|_|==============|___/=/_/_/_/

 :: Spring Boot ::                (v3.3.1)

2024-07-26T13:07:32.069-03:00  INFO 2872 --- [justina] [           main] i.j.management.JustinaApplicationTests   : Starting JustinaApplicationTests using Java 21.0.3 with PID 2872 (started by Nico in C:\Users\Nico\IdeaProjects\h1-10-java-react\backend)
2024-07-26T13:07:32.070-03:00  INFO 2872 --- [justina] [           main] i.j.management.JustinaApplicationTests   : No active profile set, falling back to 1 default profile: "default"
2024-07-26T13:07:32.894-03:00  INFO 2872 --- [justina] [           main] .s.d.r.c.RepositoryConfigurationDelegate : Bootstrapping Spring Data JPA repositories in DEFAULT mode.
2024-07-26T13:07:32.956-03:00  INFO 2872 --- [justina] [           main] .s.d.r.c.RepositoryConfigurationDelegate : Finished Spring Data repository scanning in 49 ms. Found 4 JPA repository interfaces.
2024-07-26T13:07:33.478-03:00  INFO 2872 --- [justina] [           main] o.hibernate.jpa.internal.util.LogHelper  : HHH000204: Processing PersistenceUnitInfo [name: default]
2024-07-26T13:07:33.596-03:00  INFO 2872 --- [justina] [           main] org.hibernate.Version                    : HHH000412: Hibernate ORM core version 6.5.2.Final
2024-07-26T13:07:33.637-03:00  INFO 2872 --- [justina] [           main] o.h.c.internal.RegionFactoryInitiator    : HHH000026: Second-level cache disabled
2024-07-26T13:07:33.986-03:00  INFO 2872 --- [justina] [           main] o.s.o.j.p.SpringPersistenceUnitInfo      : No LoadTimeWeaver setup: ignoring JPA class transformer
2024-07-26T13:07:34.013-03:00  INFO 2872 --- [justina] [           main] com.zaxxer.hikari.HikariDataSource       : HikariPool-1 - Starting...
2024-07-26T13:07:36.589-03:00  INFO 2872 --- [justina] [           main] com.zaxxer.hikari.pool.HikariPool        : HikariPool-1 - Added connection org.postgresql.jdbc.PgConnection@50f3ba6a
2024-07-26T13:07:36.591-03:00  INFO 2872 --- [justina] [           main] com.zaxxer.hikari.HikariDataSource       : HikariPool-1 - Start completed.
2024-07-26T13:07:36.840-03:00  WARN 2872 --- [justina] [           main] org.hibernate.orm.deprecation            : HHH90000025: PostgreSQLDialect does not need to be specified explicitly using 'hibernate.dialect' (remove the property setting and it will be selected by default)
2024-07-26T13:07:38.049-03:00  INFO 2872 --- [justina] [           main] o.h.e.t.j.p.i.JtaPlatformInitiator       : HHH000489: No JTA platform available (set 'hibernate.transaction.jta.platform' to enable JTA platform integration)
Hibernate: 
    alter table if exists medical_staff 
       drop constraint if exists FKbfabhikbfne8q8i675cbrds7y
Hibernate: 
    alter table if exists pacientes 
       drop constraint if exists FKs4xpmvt68heml4pc1m8bay0es
Hibernate: 
    alter table if exists turnos 
       drop constraint if exists FKq1vgsf0yrje1jlyopn1bmcgw3
Hibernate: 
    alter table if exists turnos 
       drop constraint if exists FKdytm0i9wh1xdnu8kcujkdqrrt
Hibernate: 
    drop table if exists especialidades cascade
Hibernate: 
    drop table if exists financiadores cascade
Hibernate: 
    drop table if exists medical_staff cascade
Hibernate: 
    drop table if exists pacientes cascade
Hibernate: 
    drop table if exists turnos cascade
Hibernate: 
    drop table if exists users cascade
Hibernate: 
    create table especialidades (
        id_especialidad uuid not null,
        tipo_especialidad varchar(255),
        primary key (id_especialidad)
    )
Hibernate: 
    create table financiadores (
        id_financiador uuid not null,
        primary key (id_financiador)
    )
Hibernate: 
    create table medical_staff (
        numero_registro_medico integer,
        id_personal_medico bigint generated by default as identity,
        user_id bigint unique,
        descripcion varchar(255),
        especialidad varchar(255) check (especialidad in ('CARDIOLOGIA','DERMATOLOGIA','GINECOLOGIA','PEDIATRIA','NEUROLOGIA')),
        telefono varchar(255),
        primary key (id_personal_medico)
    )
Hibernate: 
    create table pacientes (
        activo boolean,
        fecha_nacimiento date,
        sexo char(1),
        user_id bigint unique,
        id_paciente uuid not null,
        factor_sanguineo varchar(255),
        grupo_sanguineo varchar(255),
        numero_documento varchar(255),
        primary key (id_paciente)
    )
Hibernate: 
    create table turnos (
        fecha_turno timestamp(6),
        professional_id bigint,
        id_paciente uuid,
        id_turno uuid not null,
        centro_atencion varchar(255),
        especialidad varchar(255),
        primary key (id_turno)
    )
Hibernate: 
    create table users (
        activo boolean,
        id bigint generated by default as identity,
        apellido varchar(255),
        email varchar(255) unique,
        nombre varchar(255),
        password varchar(255),
        role_enum varchar(255) check (role_enum in ('ROLE_ADMIN','ROLE_DOCTOR','ROLE_PATIENT','ROLE_FINANCIER')),
        primary key (id)
    )
Hibernate: 
    alter table if exists medical_staff 
       add constraint FKbfabhikbfne8q8i675cbrds7y 
       foreign key (user_id) 
       references users
Hibernate: 
    alter table if exists pacientes 
       add constraint FKs4xpmvt68heml4pc1m8bay0es 
       foreign key (user_id) 
       references users
Hibernate: 
    alter table if exists turnos 
       add constraint FKq1vgsf0yrje1jlyopn1bmcgw3 
       foreign key (id_paciente) 
       references pacientes
Hibernate: 
    alter table if exists turnos 
       add constraint FKdytm0i9wh1xdnu8kcujkdqrrt 
       foreign key (professional_id) 
       references medical_staff
2024-07-26T13:07:42.999-03:00  INFO 2872 --- [justina] [           main] j.LocalContainerEntityManagerFactoryBean : Initialized JPA EntityManagerFactory for persistence unit 'default'
2024-07-26T13:07:43.742-03:00  WARN 2872 --- [justina] [           main] JpaBaseConfiguration$JpaWebConfiguration : spring.jpa.open-in-view is enabled by default. Therefore, database queries may be performed during view rendering. Explicitly configure spring.jpa.open-in-view to disable this warning
2024-07-26T13:07:43.774-03:00  INFO 2872 --- [justina] [           main] r$InitializeUserDetailsManagerConfigurer : Global AuthenticationManager configured with UserDetailsService bean with name authenticationService
2024-07-26T13:07:44.677-03:00  INFO 2872 --- [justina] [           main] i.j.management.JustinaApplicationTests   : Started JustinaApplicationTests in 12.821 seconds (process running for 13.613)
DOCUMENTACION SWAGGER: http://localhost:10000/swagger-ui.html
]]></system-out>
  </testcase>
</testsuite>